<?xml version="1.0" encoding="UTF-8"?>
<testsuite name="SIPRES -&gt; Desacoplamiento" tests="1" skipped="1" failures="0" errors="0" timestamp="2020-08-24T14:57:40" hostname="PTOF67355" time="5.909">
  <properties/>
  <testcase name="Login a la aplicacion Sipres" classname="SIPRES -&gt; Desacoplamiento" time="5.909">
    <skipped/>
  </testcase>
  <system-out><![CDATA[

]]></system-out>
  <system-err><![CDATA[ago 24, 2020 9:57:40 AM org.openqa.selenium.remote.DesiredCapabilities chrome
INFORMACIÓN: Using `new ChromeOptions()` is preferred to `DesiredCapabilities.chrome()`
ago 24, 2020 9:57:42 AM org.openqa.selenium.remote.ProtocolHandshake createSession
INFORMACIÓN: Detected dialect: OSS
[Test worker] INFO net.thucydides.core.steps.ConsoleLoggingListener - TEST PENDING
[Test worker] INFO net.thucydides.core.steps.ConsoleLoggingListener - 
          __  _____ _____ ____ _____   ____  _____ _   _ ____ ___ _   _  ____ 
 _       / / |_   _| ____/ ___|_   _| |  _ \| ____| \ | |  _ \_ _| \ | |/ ___|
(_)____ / /    | | |  _| \___ \ | |   | |_) |  _| |  \| | | | | ||  \| | |  _ 
 |_____/ /     | | | |___ ___) || |   |  __/| |___| |\  | |_| | || |\  | |_| |
(_)   /_/      |_| |_____|____/ |_|   |_|   |_____|_| \_|____/___|_| \_|\____|
                                                                                

TEST PENDING: Login a la aplicacion Sipres
---------------------------------------------------------------------------------
]]></system-err>
</testsuite>
